<?xml version="1.0" encoding="UTF-8"?>
<!-- Generated by org.testng.reporters.JUnitReportReporter -->
<testsuite hostname="DESKTOP-N5PFCGR" failures="0" tests="4" name="rahulshettyacademy.test.EcommerceNEW" time="53.559" errors="0" timestamp="2024-02-23T17:42:14 GST" skipped="0">
  <testcase classname="rahulshettyacademy.test.EcommerceNEW" name="submitOrder" time="9.612"/>
  <testcase classname="rahulshettyacademy.test.EcommerceNEW" name="verifyOrdersPage" time="5.179"/>
  <testcase classname="rahulshettyacademy.test.EcommerceNEW" name="submitOrder" time="9.043"/>
  <testcase classname="rahulshettyacademy.test.EcommerceNEW" name="submitOrder" time="29.725"/>
</testsuite> <!-- rahulshettyacademy.test.EcommerceNEW -->
