<?xml version="1.0" encoding="UTF-8"?>
<!-- Generated by org.testng.reporters.JUnitReportReporter -->
<testsuite hostname="DESKTOP-N5PFCGR" failures="0" tests="1" name="rahulshettyacademy.test.ErrorValidationTest" time="4.826" errors="0" timestamp="2024-02-22T18:22:23 GST" skipped="0">
  <testcase classname="rahulshettyacademy.test.ErrorValidationTest" name="incorrectLogin" time="4.826"/>
</testsuite> <!-- rahulshettyacademy.test.ErrorValidationTest -->
