<?xml version="1.0" encoding="UTF-8"?>
<!-- Generated by org.testng.reporters.JUnitReportReporter -->
<testsuite hostname="DESKTOP-N5PFCGR" failures="0" tests="4" name="rahulshettyacademy.test.EcommerceNEW" time="67.542" errors="0" timestamp="2024-02-28T09:16:31 GST" skipped="0">
  <testcase classname="rahulshettyacademy.test.EcommerceNEW" name="submitOrder" time="7.706"/>
  <testcase classname="rahulshettyacademy.test.EcommerceNEW" name="verifyOrdersPage" time="25.147"/>
  <testcase classname="rahulshettyacademy.test.EcommerceNEW" name="submitOrder" time="23.121"/>
  <testcase classname="rahulshettyacademy.test.EcommerceNEW" name="submitOrder" time="11.568"/>
</testsuite> <!-- rahulshettyacademy.test.EcommerceNEW -->
