<?xml version="1.0" encoding="UTF-8"?>
<!-- Generated by org.testng.reporters.JUnitReportReporter -->
<testsuite hostname="DESKTOP-N5PFCGR" failures="0" tests="1" name="Cucumber.test.TestNGTestRunner" time="35.412" errors="0" timestamp="2024-03-12T10:20:47 GST" skipped="0">
  <testcase classname="Cucumber.test.TestNGTestRunner" name="runScenario" time="35.412"/>
</testsuite> <!-- Cucumber.test.TestNGTestRunner -->
