<?xml version="1.0" encoding="UTF-8"?>
<!-- Generated by org.testng.reporters.JUnitReportReporter -->
<testsuite hostname="DESKTOP-N5PFCGR" failures="0" tests="2" name="rahulshettyacademy.test.ErrorValidationTest" time="36.288" errors="0" timestamp="2024-03-12T10:08:36 GST" skipped="0">
  <testcase classname="rahulshettyacademy.test.ErrorValidationTest" name="productValidation" time="33.173"/>
  <testcase classname="rahulshettyacademy.test.ErrorValidationTest" name="incorrectLogin" time="3.115"/>
</testsuite> <!-- rahulshettyacademy.test.ErrorValidationTest -->
